  [1m[35m (328.6ms)[0m  [1m[35mCREATE DATABASE "routes_practice_development" ENCODING = 'unicode'[0m
  [1m[35m (694.0ms)[0m  [1m[35mCREATE DATABASE "routes_practice_test" ENCODING = 'unicode'[0m
Started GET "/" for ::1 at 2023-03-08 15:29:01 -0800

ActiveRecord::NoDatabaseError - We could not find your database: routes_practice_development. Which can be found in the database configuration file located at config/database.yml.
To resolve this issue:
- Did you create the database for this app, or delete it? You may need to create your database.
- Has the database name changed? Check your database.yml config has the correct database name.
To create your database, run:
        bin/rails db:create:

Started POST "/__better_errors/923a5a6c3df55950/variables" for ::1 at 2023-03-08 15:29:01 -0800
Started GET "/" for ::1 at 2023-03-08 15:29:08 -0800

ActiveRecord::NoDatabaseError - We could not find your database: routes_practice_development. Which can be found in the database configuration file located at config/database.yml.
To resolve this issue:
- Did you create the database for this app, or delete it? You may need to create your database.
- Has the database name changed? Check your database.yml config has the correct database name.
To create your database, run:
        bin/rails db:create:

Started POST "/__better_errors/4070175847088736/variables" for ::1 at 2023-03-08 15:29:09 -0800
Started GET "/users" for ::1 at 2023-03-08 15:31:29 -0800

ActiveRecord::NoDatabaseError - We could not find your database: routes_practice_development. Which can be found in the database configuration file located at config/database.yml.
To resolve this issue:
- Did you create the database for this app, or delete it? You may need to create your database.
- Has the database name changed? Check your database.yml config has the correct database name.
To create your database, run:
        bin/rails db:create:

  [1m[35m (409.9ms)[0m  [1m[35mCREATE DATABASE "routes_practice_development" ENCODING = 'unicode'[0m
  [1m[35m (341.8ms)[0m  [1m[35mCREATE DATABASE "routes_practice_test" ENCODING = 'unicode'[0m
Started GET "/users" for ::1 at 2023-03-08 15:32:49 -0800

AbstractController::ActionNotFound - The action 'index' could not be found for UsersController:

Started GET "/users" for ::1 at 2023-03-08 15:36:02 -0800
Processing by UsersController#index as */*
No template found for UsersController#index, rendering head :no_content
Completed 204 No Content in 0ms (ActiveRecord: 0.0ms | Allocations: 272)


Started GET "/users" for ::1 at 2023-03-08 15:36:12 -0800
Processing by UsersController#index as */*
No template found for UsersController#index, rendering head :no_content
Completed 204 No Content in 1ms (ActiveRecord: 0.0ms | Allocations: 78)


Started GET "/users" for ::1 at 2023-03-08 15:36:46 -0800
Processing by UsersController#index as HTML
Completed 406 Not Acceptable in 1ms (ActiveRecord: 0.0ms | Allocations: 701)



ActionController::MissingExactTemplate - UsersController#index is missing a template for request formats: text/html:

Started POST "/__better_errors/fff830c03b5e521d/variables" for ::1 at 2023-03-08 15:36:47 -0800
Started GET "/users" for ::1 at 2023-03-08 15:40:41 -0800
Processing by UsersController#index as HTML
  Rendering text template
  Rendered text template (Duration: 0.0ms | Allocations: 13)
Completed 200 OK in 12ms (Views: 11.7ms | ActiveRecord: 0.0ms | Allocations: 1315)


Started GET "/users" for ::1 at 2023-03-08 16:10:03 -0800
Processing by UsersController#index as */*
  Rendering text template
  Rendered text template (Duration: 0.1ms | Allocations: 13)
Completed 200 OK in 35ms (Views: 35.2ms | ActiveRecord: 0.0ms | Allocations: 1395)


Started GET "/users?food=pizza" for ::1 at 2023-03-08 16:10:38 -0800
Processing by UsersController#index as */*
  Parameters: {"food"=>"pizza"}
  Rendering text template
  Rendered text template (Duration: 0.0ms | Allocations: 5)
Completed 200 OK in 0ms (Views: 0.3ms | ActiveRecord: 0.0ms | Allocations: 174)


Started GET "/users/3" for ::1 at 2023-03-08 16:12:13 -0800

AbstractController::ActionNotFound - The action 'show' could not be found for UsersController:

Started GET "/users/:id" for ::1 at 2023-03-08 16:12:35 -0800

AbstractController::ActionNotFound - The action 'show' could not be found for UsersController:

Started POST "/users/3" for ::1 at 2023-03-08 16:15:04 -0800
  
ActionController::RoutingError (No route matches [POST] "/users/3"):
  
Started GET "/users?fav_food=pizza" for ::1 at 2023-03-08 16:15:47 -0800
Processing by UsersController#index as */*
  Parameters: {"fav_food"=>"pizza"}
  Rendering text template
  Rendered text template (Duration: 0.0ms | Allocations: 4)
Completed 200 OK in 3ms (Views: 0.4ms | ActiveRecord: 0.0ms | Allocations: 183)


Started GET "/users" for ::1 at 2023-03-08 16:17:23 -0800
Processing by UsersController#index as */*
  Parameters: {"fav_food"=>"pizza"}
  Rendering text template
  Rendered text template (Duration: 0.0ms | Allocations: 4)
Completed 200 OK in 0ms (Views: 0.3ms | Allocations: 196)


Started GET "/users" for ::1 at 2023-03-08 16:17:47 -0800
Processing by UsersController#index as */*
  Parameters: {"fav_food"=>"apple "}
  Rendering text template
  Rendered text template (Duration: 0.5ms | Allocations: 4)
Completed 200 OK in 3ms (Views: 2.6ms | Allocations: 145)


Started GET "/users" for ::1 at 2023-03-08 16:18:41 -0800
Processing by UsersController#index as */*
  Parameters: {"foods"=>{"fav"=>"apple ", "worst"=>"garbage"}}
  Rendering text template
  Rendered text template (Duration: 0.0ms | Allocations: 5)
Completed 200 OK in 1ms (Views: 0.3ms | Allocations: 147)


Started POST "/users" for ::1 at 2023-03-08 16:21:12 -0800
Processing by UsersController#create as */*
  Parameters: {"foods"=>{"fav"=>"moldy food "}}
  Rendering text template
  Rendered text template (Duration: 0.0ms | Allocations: 7)
Completed 200 OK in 191ms (Views: 190.5ms | Allocations: 438)


Started POST "/users" for ::1 at 2023-03-08 16:22:36 -0800
Processing by UsersController#create as */*
  Parameters: {"foods"=>{"fav"=>"banana", "worst"=>"moldy food "}}
Completed 200 OK in 1ms (Views: 0.3ms | Allocations: 261)


Started GET "/users/3" for ::1 at 2023-03-08 16:24:14 -0800

AbstractController::ActionNotFound - The action 'show' could not be found for UsersController:

Started GET "/users/3?movie=TopGun" for ::1 at 2023-03-08 16:26:27 -0800
Processing by UsersController#show as */*
  Parameters: {"foods"=>{"fav"=>"banana", "worst"=>"moldy food "}, "shows"=>{"fav"=>"Breaking Bad", "worst"=>"Real Housewives"}, "movie"=>"TopGun", "id"=>"3"}
Completed 200 OK in 1ms (Views: 1.0ms | Allocations: 262)


Started GET "/users/3?movie=TopGun" for ::1 at 2023-03-08 16:27:29 -0800
Processing by UsersController#show as */*
  Parameters: {"foods"=>{"fav"=>"banana", "worst"=>"moldy food "}, "shows"=>{"fav"=>"Breaking Bad", "worst"=>"Real Housewives"}, "play"=>"hamilton", "movie"=>"TopGun", "id"=>"3"}
Completed 200 OK in 0ms (Views: 0.2ms | Allocations: 177)


Started GET "/users/3?movie[best]=TopGun" for ::1 at 2023-03-08 16:28:36 -0800
Processing by UsersController#show as */*
  Parameters: {"foods"=>{"fav"=>"banana", "worst"=>"moldy food "}, "shows"=>{"fav"=>"Breaking Bad", "worst"=>"Real Housewives"}, "play"=>"hamilton", "movie"=>{"best"=>"TopGun"}, "id"=>"3"}
Completed 200 OK in 0ms (Views: 0.2ms | Allocations: 181)


Started GET "/users/3?movie[best]=TopGun" for ::1 at 2023-03-08 16:30:30 -0800
Processing by UsersController#show as */*
  Parameters: {"foods"=>{"fav"=>"banana", "worst"=>"moldy food "}, "shows"=>{"fav"=>"Breaking Bad", "worst"=>"Real Housewives"}, "play"=>"hamilton", "movie"=>{"best"=>"TopGun"}, "blah"=>"3"}
Completed 200 OK in 1ms (Views: 0.2ms | Allocations: 277)


Started GET "/users/3" for ::1 at 2023-03-08 16:31:27 -0800
Processing by UsersController#show as */*
  Parameters: {"foods"=>{"fav"=>"banana", "worst"=>"moldy food "}, "shows"=>{"fav"=>"Breaking Bad", "worst"=>"Real Housewives"}, "play"=>"hamilton", "id"=>"3"}
Completed 200 OK in 3ms (Views: 0.7ms | Allocations: 261)


Started GET "/users/3?movie[best]=TopGun" for ::1 at 2023-03-08 16:31:40 -0800
Processing by UsersController#show as */*
  Parameters: {"foods"=>{"fav"=>"banana", "worst"=>"moldy food "}, "shows"=>{"fav"=>"Breaking Bad", "worst"=>"Real Housewives"}, "play"=>"hamilton", "movie"=>{"best"=>"TopGun"}, "id"=>"3"}
Completed 200 OK in 0ms (Views: 0.2ms | Allocations: 181)


  [1m[35m (7.3ms)[0m  [1m[35mCREATE TABLE "schema_migrations" ("version" character varying NOT NULL PRIMARY KEY)[0m
  [1m[35m (3.1ms)[0m  [1m[35mCREATE TABLE "ar_internal_metadata" ("key" character varying NOT NULL PRIMARY KEY, "value" character varying, "created_at" timestamp(6) NOT NULL, "updated_at" timestamp(6) NOT NULL)[0m
  [1m[35m (0.2ms)[0m  [1m[34mSELECT pg_try_advisory_lock(8170507368831508575)[0m
  [1m[36mActiveRecord::SchemaMigration Pluck (0.8ms)[0m  [1m[34mSELECT "schema_migrations"."version" FROM "schema_migrations" ORDER BY "schema_migrations"."version" ASC[0m
Migrating to CreateUsers (20230309003907)
  [1m[36mTRANSACTION (0.3ms)[0m  [1m[35mBEGIN[0m
  [1m[35m (3.2ms)[0m  [1m[35mCREATE TABLE "users" ("id" bigserial primary key, "name" text NOT NULL, "email" text NOT NULL, "created_at" timestamp(6) NOT NULL, "updated_at" timestamp(6) NOT NULL)[0m
  [1m[36mActiveRecord::SchemaMigration Create (0.5ms)[0m  [1m[32mINSERT INTO "schema_migrations" ("version") VALUES ($1) RETURNING "version"[0m  [["version", "20230309003907"]]
  [1m[36mTRANSACTION (0.5ms)[0m  [1m[35mCOMMIT[0m
  [1m[36mActiveRecord::InternalMetadata Load (0.3ms)[0m  [1m[34mSELECT "ar_internal_metadata".* FROM "ar_internal_metadata" WHERE "ar_internal_metadata"."key" = $1 LIMIT $2[0m  [["key", "environment"], ["LIMIT", 1]]
  [1m[36mTRANSACTION (0.1ms)[0m  [1m[35mBEGIN[0m
  [1m[36mActiveRecord::InternalMetadata Create (0.4ms)[0m  [1m[32mINSERT INTO "ar_internal_metadata" ("key", "value", "created_at", "updated_at") VALUES ($1, $2, $3, $4) RETURNING "key"[0m  [["key", "environment"], ["value", "development"], ["created_at", "2023-03-09 00:40:25.882848"], ["updated_at", "2023-03-09 00:40:25.882848"]]
  [1m[36mTRANSACTION (0.3ms)[0m  [1m[35mCOMMIT[0m
  [1m[35m (0.2ms)[0m  [1m[34mSELECT pg_advisory_unlock(8170507368831508575)[0m
  [1m[36mActiveRecord::SchemaMigration Pluck (0.5ms)[0m  [1m[34mSELECT "schema_migrations"."version" FROM "schema_migrations" ORDER BY "schema_migrations"."version" ASC[0m
  [1m[36mTRANSACTION (0.2ms)[0m  [1m[35mBEGIN[0m
  [1m[36mUser Create (6.8ms)[0m  [1m[32mINSERT INTO "users" ("name", "email", "created_at", "updated_at") VALUES ($1, $2, $3, $4) RETURNING "id"[0m  [["name", "Michael"], ["email", "michael@stripe.com"], ["created_at", "2023-03-09 00:46:04.569083"], ["updated_at", "2023-03-09 00:46:04.569083"]]
  [1m[36mTRANSACTION (0.6ms)[0m  [1m[35mCOMMIT[0m
  [1m[36mTRANSACTION (0.3ms)[0m  [1m[35mBEGIN[0m
  [1m[36mUser Create (0.5ms)[0m  [1m[32mINSERT INTO "users" ("name", "email", "created_at", "updated_at") VALUES ($1, $2, $3, $4) RETURNING "id"[0m  [["name", "Bilal"], ["email", "bilal@stripe.com"], ["created_at", "2023-03-09 00:46:09.328519"], ["updated_at", "2023-03-09 00:46:09.328519"]]
  [1m[36mTRANSACTION (5.9ms)[0m  [1m[35mCOMMIT[0m
  [1m[36mTRANSACTION (0.2ms)[0m  [1m[35mBEGIN[0m
  [1m[36mUser Create (0.3ms)[0m  [1m[32mINSERT INTO "users" ("name", "email", "created_at", "updated_at") VALUES ($1, $2, $3, $4) RETURNING "id"[0m  [["name", "Brandon"], ["email", "brandon@tesla.com"], ["created_at", "2023-03-09 00:46:15.200830"], ["updated_at", "2023-03-09 00:46:15.200830"]]
  [1m[36mTRANSACTION (5.8ms)[0m  [1m[35mCOMMIT[0m
  [1m[36mUser Load (0.4ms)[0m  [1m[34mSELECT "users".* FROM "users"[0m
Started GET "/users" for ::1 at 2023-03-08 16:49:12 -0800
  [1m[36mActiveRecord::SchemaMigration Pluck (1.5ms)[0m  [1m[34mSELECT "schema_migrations"."version" FROM "schema_migrations" ORDER BY "schema_migrations"."version" ASC[0m
Processing by UsersController#index as */*
  [1m[36mUser Load (0.8ms)[0m  [1m[34mSELECT "users".* FROM "users"[0m
  ↳ app/controllers/users_controller.rb:3:in `index'
Completed 200 OK in 22ms (Views: 11.2ms | ActiveRecord: 6.9ms | Allocations: 6394)


Started GET "/users" for ::1 at 2023-03-08 16:49:52 -0800
Processing by UsersController#index as */*
Completed 500 Internal Server Error in 15ms (ActiveRecord: 0.0ms | Allocations: 3725)



ActionView::MissingTemplate - Missing template users/index, application/index with {:locale=>[:en], :formats=>[:html, :text, :js, :css, :ics, :csv, :vcf, :vtt, :png, :jpeg, :gif, :bmp, :tiff, :svg, :mpeg, :mp3, :ogg, :m4a, :webm, :mp4, :otf, :ttf, :woff, :woff2, :xml, :rss, :atom, :yaml, :multipart_form, :url_encoded_form, :json, :pdf, :zip, :gzip], :variants=>[], :handlers=>[:raw, :erb, :html, :builder, :ruby]}.
Searched in:
  * "/Users/mbird/code/gits/app_academy/homework_REPO/W06D03_repo/routes_practice/app/views"
Did you mean?  layouts/application:
  app/controllers/users_controller.rb:3:in `index'

Started GET "/users" for ::1 at 2023-03-08 16:50:04 -0800
Processing by UsersController#index as */*
  Rendering html template
  Rendered html template (Duration: 0.1ms | Allocations: 20)
Completed 200 OK in 5ms (Views: 2.8ms | ActiveRecord: 0.0ms | Allocations: 1385)


Started GET "/users" for ::1 at 2023-03-08 16:50:30 -0800
Processing by UsersController#index as */*
  Rendering text template
  Rendered text template (Duration: 0.0ms | Allocations: 10)
Completed 200 OK in 11ms (Views: 8.4ms | ActiveRecord: 0.0ms | Allocations: 1321)


Started GET "/users" for ::1 at 2023-03-08 16:50:32 -0800
Processing by UsersController#index as */*
  Rendering text template
  Rendered text template (Duration: 0.0ms | Allocations: 5)
Completed 200 OK in 1ms (Views: 1.2ms | ActiveRecord: 0.0ms | Allocations: 189)


Started GET "/users" for ::1 at 2023-03-08 16:50:33 -0800
Processing by UsersController#index as */*
  Rendering text template
  Rendered text template (Duration: 0.0ms | Allocations: 4)
Completed 200 OK in 1ms (Views: 0.4ms | ActiveRecord: 0.0ms | Allocations: 161)


Started GET "/users" for ::1 at 2023-03-08 16:50:54 -0800
Processing by UsersController#index as */*
  [1m[36mUser Load (0.3ms)[0m  [1m[34mSELECT "users".* FROM "users"[0m
  ↳ app/controllers/users_controller.rb:3:in `index'
Completed 200 OK in 18ms (Views: 7.7ms | ActiveRecord: 6.6ms | Allocations: 3554)


Started GET "/users/3" for ::1 at 2023-03-08 16:51:28 -0800
Processing by UsersController#show as */*
  Parameters: {"id"=>"3"}
Completed 200 OK in 0ms (Views: 0.2ms | ActiveRecord: 0.0ms | Allocations: 125)


Started GET "/users" for ::1 at 2023-03-08 16:51:58 -0800
Processing by UsersController#index as */*
  [1m[36mUser Load (0.5ms)[0m  [1m[34mSELECT "users".* FROM "users"[0m
  ↳ app/controllers/users_controller.rb:3:in `index'
Completed 200 OK in 3ms (Views: 2.4ms | ActiveRecord: 0.5ms | Allocations: 960)


Started POST "/users" for ::1 at 2023-03-08 16:56:18 -0800
Processing by UsersController#create as */*
  Parameters: {"name"=>"Chris", "email"=>"chris@facebook.com"}
Completed 200 OK in 1ms (Views: 0.3ms | ActiveRecord: 0.0ms | Allocations: 221)


Started POST "/users" for ::1 at 2023-03-08 16:57:53 -0800
Processing by UsersController#create as */*
  Parameters: {"name"=>"Chris", "email"=>"chris@facebook.com", "sadklfhasdkfjhk"=>"askjdfhaskdjfh"}
Completed 200 OK in 14ms (Views: 0.3ms | ActiveRecord: 4.6ms | Allocations: 2471)


Started POST "/users" for ::1 at 2023-03-08 16:59:37 -0800
Processing by UsersController#create as */*
  Parameters: {"name"=>"Chris", "email"=>"chris@facebook.com", "sadklfhasdkfjhk"=>"askjdfhaskdjfh"}
Completed 400 Bad Request in 2ms (ActiveRecord: 0.0ms | Allocations: 1201)



ActionController::ParameterMissing - param is missing or the value is empty: user:
  app/controllers/users_controller.rb:7:in `create'

Started POST "/users" for ::1 at 2023-03-08 17:00:59 -0800
Processing by UsersController#create as */*
  Parameters: {"user"=>{"name"=>"Chris", "email"=>"chris@facebook.com"}, "sadklfhasdkfjhk"=>"askjdfhaskdjfh"}
Completed 200 OK in 57ms (Views: 0.4ms | ActiveRecord: 28.4ms | Allocations: 1991)


Started POST "/users?user[name]=Aiden&user[email]=aiden@twitter.com" for ::1 at 2023-03-08 17:02:27 -0800
Processing by UsersController#create as */*
  Parameters: {"user"=>{"name"=>"Aiden", "email"=>"aiden@twitter.com"}, "sadklfhasdkfjhk"=>"askjdfhaskdjfh"}
Completed 200 OK in 1ms (Views: 0.2ms | ActiveRecord: 0.0ms | Allocations: 200)


Started POST "/users?user1[name]=Aiden&user1[email]=aiden@twitter.com" for ::1 at 2023-03-08 17:02:51 -0800
Processing by UsersController#create as */*
  Parameters: {"user"=>{"name"=>"Chris", "email"=>"chris@facebook.com"}, "sadklfhasdkfjhk"=>"askjdfhaskdjfh", "user1"=>{"name"=>"Aiden", "email"=>"aiden@twitter.com"}}
Completed 200 OK in 1ms (Views: 0.2ms | ActiveRecord: 0.0ms | Allocations: 226)


Started POST "/users" for ::1 at 2023-03-08 17:03:24 -0800
Processing by UsersController#create as */*
  Parameters: {"user"=>{"name"=>"Chris", "email"=>"chris@facebook.com"}}
Completed 200 OK in 1ms (Views: 0.2ms | ActiveRecord: 0.0ms | Allocations: 191)


Started POST "/users/" for ::1 at 2023-03-08 17:03:52 -0800
Processing by UsersController#create as */*
  Parameters: {"user"=>{"name"=>"Chris", "email"=>"chris@facebook.com"}}
Completed 200 OK in 1ms (Views: 0.2ms | ActiveRecord: 0.0ms | Allocations: 198)


Started POST "/users/" for ::1 at 2023-03-08 17:04:28 -0800
Processing by UsersController#create as */*
  Parameters: {"user"=>{"name"=>"Chris", "email"=>"chris@facebook.com"}}
  [1m[36mTRANSACTION (0.2ms)[0m  [1m[35mBEGIN[0m
  ↳ app/controllers/users_controller.rb:8:in `create'
  [1m[36mUser Create (2.1ms)[0m  [1m[32mINSERT INTO "users" ("name", "email", "created_at", "updated_at") VALUES ($1, $2, $3, $4) RETURNING "id"[0m  [["name", "Chris"], ["email", "chris@facebook.com"], ["created_at", "2023-03-09 01:04:28.396578"], ["updated_at", "2023-03-09 01:04:28.396578"]]
  ↳ app/controllers/users_controller.rb:8:in `create'
  [1m[36mTRANSACTION (6.7ms)[0m  [1m[35mCOMMIT[0m
  ↳ app/controllers/users_controller.rb:8:in `create'
Completed 200 OK in 26ms (Views: 0.4ms | ActiveRecord: 12.2ms | Allocations: 5747)


  [1m[36mUser Load (0.4ms)[0m  [1m[34mSELECT "users".* FROM "users"[0m
  [1m[36mUser Load (3.8ms)[0m  [1m[34mSELECT "users".* FROM "users"[0m
  [1m[36mUser Load (3.4ms)[0m  [1m[34mSELECT "users".* FROM "users"[0m
Started POST "/users" for ::1 at 2023-03-08 17:08:43 -0800
  [1m[35m (66.3ms)[0m  [1m[35mCREATE TABLE "schema_migrations" ("version" character varying NOT NULL PRIMARY KEY)[0m
  [1m[35m (54.6ms)[0m  [1m[35mCREATE TABLE "ar_internal_metadata" ("key" character varying NOT NULL PRIMARY KEY, "value" character varying, "created_at" timestamp(6) NOT NULL, "updated_at" timestamp(6) NOT NULL)[0m
  [1m[36mActiveRecord::SchemaMigration Pluck (0.7ms)[0m  [1m[34mSELECT "schema_migrations"."version" FROM "schema_migrations" ORDER BY "schema_migrations"."version" ASC[0m

ActiveRecord::PendingMigrationError - Migrations are pending. To resolve this issue, run:
        bin/rails db:migrate RAILS_ENV=development
You have 1 pending migration:
20230309003907_create_users.rb:

  [1m[35m (0.2ms)[0m  [1m[34mSELECT pg_try_advisory_lock(8170507368831508575)[0m
  [1m[36mActiveRecord::SchemaMigration Pluck (0.6ms)[0m  [1m[34mSELECT "schema_migrations"."version" FROM "schema_migrations" ORDER BY "schema_migrations"."version" ASC[0m
Migrating to CreateUsers (20230309003907)
  [1m[36mTRANSACTION (0.2ms)[0m  [1m[35mBEGIN[0m
  [1m[35m (170.9ms)[0m  [1m[35mCREATE TABLE "users" ("id" bigserial primary key, "name" text NOT NULL, "email" text NOT NULL, "created_at" timestamp(6) NOT NULL, "updated_at" timestamp(6) NOT NULL)[0m
  [1m[36mActiveRecord::SchemaMigration Create (0.8ms)[0m  [1m[32mINSERT INTO "schema_migrations" ("version") VALUES ($1) RETURNING "version"[0m  [["version", "20230309003907"]]
  [1m[36mTRANSACTION (41.7ms)[0m  [1m[35mCOMMIT[0m
  [1m[36mActiveRecord::InternalMetadata Load (1.0ms)[0m  [1m[34mSELECT "ar_internal_metadata".* FROM "ar_internal_metadata" WHERE "ar_internal_metadata"."key" = $1 LIMIT $2[0m  [["key", "environment"], ["LIMIT", 1]]
  [1m[36mTRANSACTION (0.2ms)[0m  [1m[35mBEGIN[0m
  [1m[36mActiveRecord::InternalMetadata Create (0.6ms)[0m  [1m[32mINSERT INTO "ar_internal_metadata" ("key", "value", "created_at", "updated_at") VALUES ($1, $2, $3, $4) RETURNING "key"[0m  [["key", "environment"], ["value", "development"], ["created_at", "2023-03-09 01:09:21.501786"], ["updated_at", "2023-03-09 01:09:21.501786"]]
  [1m[36mTRANSACTION (0.3ms)[0m  [1m[35mCOMMIT[0m
  [1m[35m (0.3ms)[0m  [1m[34mSELECT pg_advisory_unlock(8170507368831508575)[0m
  [1m[36mActiveRecord::SchemaMigration Pluck (0.9ms)[0m  [1m[34mSELECT "schema_migrations"."version" FROM "schema_migrations" ORDER BY "schema_migrations"."version" ASC[0m
  [1m[36mActiveRecord::SchemaMigration Pluck (0.6ms)[0m  [1m[34mSELECT "schema_migrations"."version" FROM "schema_migrations" ORDER BY "schema_migrations"."version" ASC[0m
  [1m[35m (0.8ms)[0m  [1m[34mSELECT pg_try_advisory_lock(8170507368831508575)[0m
  [1m[36mActiveRecord::SchemaMigration Pluck (1.3ms)[0m  [1m[34mSELECT "schema_migrations"."version" FROM "schema_migrations" ORDER BY "schema_migrations"."version" ASC[0m
  [1m[36mActiveRecord::InternalMetadata Load (0.9ms)[0m  [1m[34mSELECT "ar_internal_metadata".* FROM "ar_internal_metadata" WHERE "ar_internal_metadata"."key" = $1 LIMIT $2[0m  [["key", "environment"], ["LIMIT", 1]]
  [1m[35m (0.3ms)[0m  [1m[34mSELECT pg_advisory_unlock(8170507368831508575)[0m
  [1m[36mActiveRecord::SchemaMigration Pluck (1.9ms)[0m  [1m[34mSELECT "schema_migrations"."version" FROM "schema_migrations" ORDER BY "schema_migrations"."version" ASC[0m
  [1m[36mTRANSACTION (12.9ms)[0m  [1m[35mBEGIN[0m
  [1m[36mUser Create (6.2ms)[0m  [1m[32mINSERT INTO "users" ("name", "email", "created_at", "updated_at") VALUES ($1, $2, $3, $4) RETURNING "id"[0m  [["name", "Bilal"], ["email", "bilal@app.com"], ["created_at", "2023-03-09 01:11:03.366092"], ["updated_at", "2023-03-09 01:11:03.366092"]]
  [1m[36mTRANSACTION (1.2ms)[0m  [1m[35mCOMMIT[0m
  [1m[36mTRANSACTION (20.1ms)[0m  [1m[35mBEGIN[0m
  [1m[36mUser Create (2.2ms)[0m  [1m[32mINSERT INTO "users" ("name", "email", "created_at", "updated_at") VALUES ($1, $2, $3, $4) RETURNING "id"[0m  [["name", "Micheal"], ["email", "micheal@bird.com"], ["created_at", "2023-03-09 01:11:22.758492"], ["updated_at", "2023-03-09 01:11:22.758492"]]
  [1m[36mTRANSACTION (2.6ms)[0m  [1m[35mCOMMIT[0m
  [1m[36mUser Load (13.4ms)[0m  [1m[34mSELECT "users".* FROM "users"[0m
Started POST "/users" for ::1 at 2023-03-08 17:11:39 -0800
  [1m[36mActiveRecord::SchemaMigration Pluck (21.3ms)[0m  [1m[34mSELECT "schema_migrations"."version" FROM "schema_migrations" ORDER BY "schema_migrations"."version" ASC[0m
Processing by UsersController#create as */*
  Parameters: {"user"=>{"name"=>"Chris", "email"=>"chris@facebook.com"}, "shows"=>{"fav"=>"Breaking Bad"}}
  [1m[36mTRANSACTION (1.4ms)[0m  [1m[35mBEGIN[0m
  ↳ app/controllers/users_controller.rb:8:in `create'
  [1m[36mUser Create (1.1ms)[0m  [1m[32mINSERT INTO "users" ("name", "email", "created_at", "updated_at") VALUES ($1, $2, $3, $4) RETURNING "id"[0m  [["name", "Chris"], ["email", "chris@facebook.com"], ["created_at", "2023-03-09 01:11:40.200233"], ["updated_at", "2023-03-09 01:11:40.200233"]]
  ↳ app/controllers/users_controller.rb:8:in `create'
  [1m[36mTRANSACTION (31.8ms)[0m  [1m[35mCOMMIT[0m
  ↳ app/controllers/users_controller.rb:8:in `create'
Completed 200 OK in 531ms (Views: 8.7ms | ActiveRecord: 152.0ms | Allocations: 8696)


  [1m[36mUser Load (3.6ms)[0m  [1m[34mSELECT "users".* FROM "users"[0m
  [1m[36mUser Load (0.6ms)[0m  [1m[34mSELECT "users".* FROM "users"[0m
Started POST "/users" for ::1 at 2023-03-08 17:13:10 -0800
Processing by UsersController#create as */*
  Parameters: {"user"=>{"name"=>"Chris"}}
Completed 422 Unprocessable Entity in 50ms (ActiveRecord: 0.0ms | Allocations: 3234)



ActiveRecord::RecordInvalid - Validation failed: Email can't be blank:
  app/controllers/users_controller.rb:8:in `create'

Started POST "/users" for ::1 at 2023-03-08 17:16:17 -0800
Processing by UsersController#create as */*
  Parameters: {"user"=>{"name"=>"Chris"}}
Completed 422 Unprocessable Entity in 190ms (Views: 0.3ms | ActiveRecord: 118.3ms | Allocations: 3682)


Started POST "/users" for ::1 at 2023-03-08 17:19:53 -0800
Processing by UsersController#create as */*
  Parameters: {"user"=>{"name"=>"John", "email"=>"john@facebook.com"}}
  [1m[36mTRANSACTION (0.5ms)[0m  [1m[35mBEGIN[0m
  ↳ app/controllers/users_controller.rb:8:in `create'
  [1m[36mUser Create (2.5ms)[0m  [1m[32mINSERT INTO "users" ("name", "email", "created_at", "updated_at") VALUES ($1, $2, $3, $4) RETURNING "id"[0m  [["name", "John"], ["email", "john@facebook.com"], ["created_at", "2023-03-09 01:19:54.735699"], ["updated_at", "2023-03-09 01:19:54.735699"]]
  ↳ app/controllers/users_controller.rb:8:in `create'
  [1m[36mTRANSACTION (5.8ms)[0m  [1m[35mCOMMIT[0m
  ↳ app/controllers/users_controller.rb:8:in `create'
Completed 200 OK in 728ms (Views: 1.0ms | ActiveRecord: 23.6ms | Allocations: 4585)


  [1m[36mUser Load (0.6ms)[0m  [1m[34mSELECT "users".* FROM "users"[0m
Started GET "/users/1" for ::1 at 2023-03-08 17:23:18 -0800
Processing by UsersController#show as */*
  Parameters: {"user"=>{"name"=>"John", "email"=>"john@facebook.com"}, "id"=>"1"}
  [1m[36mUser Load (0.8ms)[0m  [1m[34mSELECT "users".* FROM "users" WHERE "users"."id" = $1 LIMIT $2[0m  [["id", 1], ["LIMIT", 1]]
  ↳ app/controllers/users_controller.rb:16:in `show'
Completed 200 OK in 332ms (Views: 0.4ms | ActiveRecord: 82.2ms | Allocations: 6019)


Started GET "/users/2" for ::1 at 2023-03-08 17:23:27 -0800
Processing by UsersController#show as */*
  Parameters: {"user"=>{"name"=>"John", "email"=>"john@facebook.com"}, "id"=>"2"}
  [1m[36mUser Load (18.1ms)[0m  [1m[34mSELECT "users".* FROM "users" WHERE "users"."id" = $1 LIMIT $2[0m  [["id", 2], ["LIMIT", 1]]
  ↳ app/controllers/users_controller.rb:16:in `show'
Completed 200 OK in 66ms (Views: 1.3ms | ActiveRecord: 18.1ms | Allocations: 660)


Started GET "/users/3" for ::1 at 2023-03-08 17:23:31 -0800
Processing by UsersController#show as */*
  Parameters: {"user"=>{"name"=>"John", "email"=>"john@facebook.com"}, "id"=>"3"}
  [1m[36mUser Load (1.8ms)[0m  [1m[34mSELECT "users".* FROM "users" WHERE "users"."id" = $1 LIMIT $2[0m  [["id", 3], ["LIMIT", 1]]
  ↳ app/controllers/users_controller.rb:16:in `show'
Completed 200 OK in 108ms (Views: 0.3ms | ActiveRecord: 1.8ms | Allocations: 635)


Started GET "/users/4" for ::1 at 2023-03-08 17:23:33 -0800
Processing by UsersController#show as */*
  Parameters: {"user"=>{"name"=>"John", "email"=>"john@facebook.com"}, "id"=>"4"}
  [1m[36mUser Load (5.7ms)[0m  [1m[34mSELECT "users".* FROM "users" WHERE "users"."id" = $1 LIMIT $2[0m  [["id", 4], ["LIMIT", 1]]
  ↳ app/controllers/users_controller.rb:16:in `show'
Completed 200 OK in 165ms (Views: 1.6ms | ActiveRecord: 5.7ms | Allocations: 641)


Started GET "/users/5" for ::1 at 2023-03-08 17:23:38 -0800
Processing by UsersController#show as */*
  Parameters: {"user"=>{"name"=>"John", "email"=>"john@facebook.com"}, "id"=>"5"}
  [1m[36mUser Load (3.3ms)[0m  [1m[34mSELECT "users".* FROM "users" WHERE "users"."id" = $1 LIMIT $2[0m  [["id", 5], ["LIMIT", 1]]
  ↳ app/controllers/users_controller.rb:16:in `show'
Completed 404 Not Found in 57ms (ActiveRecord: 3.3ms | Allocations: 1060)



ActiveRecord::RecordNotFound - Couldn't find User with 'id'=5:
  app/controllers/users_controller.rb:16:in `show'

Started POST "/users" for ::1 at 2023-03-08 17:24:08 -0800
Processing by UsersController#create as */*
  Parameters: {"user"=>{"name"=>"John", "email"=>"john@facebook.com"}}
  [1m[36mTRANSACTION (8.3ms)[0m  [1m[35mBEGIN[0m
  ↳ app/controllers/users_controller.rb:8:in `create'
  [1m[36mUser Create (18.2ms)[0m  [1m[32mINSERT INTO "users" ("name", "email", "created_at", "updated_at") VALUES ($1, $2, $3, $4) RETURNING "id"[0m  [["name", "John"], ["email", "john@facebook.com"], ["created_at", "2023-03-09 01:24:08.748092"], ["updated_at", "2023-03-09 01:24:08.748092"]]
  ↳ app/controllers/users_controller.rb:8:in `create'
  [1m[36mTRANSACTION (3.2ms)[0m  [1m[35mCOMMIT[0m
  ↳ app/controllers/users_controller.rb:8:in `create'
Completed 200 OK in 174ms (Views: 0.5ms | ActiveRecord: 29.6ms | Allocations: 2142)


Started POST "/users" for ::1 at 2023-03-08 17:24:19 -0800
Processing by UsersController#create as */*
Completed 400 Bad Request in 4ms (ActiveRecord: 0.0ms | Allocations: 640)



ActionController::ParameterMissing - param is missing or the value is empty: user:
  app/controllers/users_controller.rb:25:in `user_params'
  app/controllers/users_controller.rb:7:in `create'

Started POST "/users" for ::1 at 2023-03-08 17:24:35 -0800
Processing by UsersController#create as */*
  Parameters: {"user"=>{"name"=>"John"}}
Completed 422 Unprocessable Entity in 52ms (Views: 0.2ms | ActiveRecord: 0.0ms | Allocations: 1245)


Started POST "/users" for ::1 at 2023-03-08 17:24:41 -0800
Processing by UsersController#create as */*
  Parameters: {"user"=>{"email"=>"john@facebook.com"}}
Completed 422 Unprocessable Entity in 95ms (Views: 0.1ms | ActiveRecord: 0.0ms | Allocations: 1221)


Started GET "/users/5" for ::1 at 2023-03-08 17:25:01 -0800
Processing by UsersController#show as */*
  Parameters: {"id"=>"5"}
  [1m[36mUser Load (27.2ms)[0m  [1m[34mSELECT "users".* FROM "users" WHERE "users"."id" = $1 LIMIT $2[0m  [["id", 5], ["LIMIT", 1]]
  ↳ app/controllers/users_controller.rb:16:in `show'
Completed 200 OK in 152ms (Views: 1.6ms | ActiveRecord: 27.2ms | Allocations: 637)


Started GET "/users/6" for ::1 at 2023-03-08 17:25:07 -0800
Processing by UsersController#show as */*
  Parameters: {"id"=>"6"}
  [1m[36mUser Load (0.2ms)[0m  [1m[34mSELECT "users".* FROM "users" WHERE "users"."id" = $1 LIMIT $2[0m  [["id", 6], ["LIMIT", 1]]
  ↳ app/controllers/users_controller.rb:16:in `show'
Completed 404 Not Found in 3ms (ActiveRecord: 0.2ms | Allocations: 1032)



ActiveRecord::RecordNotFound - Couldn't find User with 'id'=6:
  app/controllers/users_controller.rb:16:in `show'

Started GET "/users/6" for ::1 at 2023-03-08 17:25:57 -0800
Processing by UsersController#show as */*
  Parameters: {"id"=>"6"}
  [1m[36mUser Load (30.0ms)[0m  [1m[34mSELECT "users".* FROM "users" WHERE "users"."id" = $1 LIMIT $2[0m  [["id", 6], ["LIMIT", 1]]
  ↳ app/controllers/users_controller.rb:16:in `show'
Completed 404 Not Found in 328ms (ActiveRecord: 125.6ms | Allocations: 3188)



ActiveRecord::RecordNotFound - Couldn't find User with 'id'=6:
  app/controllers/users_controller.rb:16:in `show'

Started GET "/users/6" for ::1 at 2023-03-08 17:26:26 -0800
Processing by UsersController#show as */*
  Parameters: {"id"=>"6"}
  [1m[36mUser Load (1.0ms)[0m  [1m[34mSELECT "users".* FROM "users" WHERE "users"."id" = $1 LIMIT $2[0m  [["id", 6], ["LIMIT", 1]]
  ↳ app/controllers/users_controller.rb:16:in `show'
Completed 404 Not Found in 155ms (ActiveRecord: 27.2ms | Allocations: 3188)



ActiveRecord::RecordNotFound - Couldn't find User with 'id'=6:
  app/controllers/users_controller.rb:16:in `show'

Started GET "/users/6" for ::1 at 2023-03-08 17:27:03 -0800
Processing by UsersController#show as */*
  Parameters: {"id"=>"6"}
  [1m[36mUser Load (0.3ms)[0m  [1m[34mSELECT "users".* FROM "users" WHERE "users"."id" = $1 LIMIT $2[0m  [["id", 6], ["LIMIT", 1]]
  ↳ app/controllers/users_controller.rb:16:in `show'
Completed 404 Not Found in 301ms (ActiveRecord: 27.4ms | Allocations: 3188)



ActiveRecord::RecordNotFound - Couldn't find User with 'id'=6:
  app/controllers/users_controller.rb:16:in `show'

Started GET "/users/6" for ::1 at 2023-03-08 17:27:38 -0800
  [1m[36mActiveRecord::SchemaMigration Pluck (1.5ms)[0m  [1m[34mSELECT "schema_migrations"."version" FROM "schema_migrations" ORDER BY "schema_migrations"."version" ASC[0m
Processing by UsersController#show as */*
  Parameters: {"id"=>"6"}
  [1m[36mUser Load (1.5ms)[0m  [1m[34mSELECT "users".* FROM "users" WHERE "users"."id" = $1 LIMIT $2[0m  [["id", 6], ["LIMIT", 1]]
  ↳ app/controllers/users_controller.rb:16:in `show'
Completed 404 Not Found in 234ms (ActiveRecord: 152.4ms | Allocations: 5618)



ActiveRecord::RecordNotFound - Couldn't find User with 'id'=6:
  app/controllers/users_controller.rb:16:in `show'

